SF:lib/data/models/motel_data_model.dart
DA:5,3
DA:6,3
DA:7,3
DA:8,3
DA:9,3
DA:10,3
DA:11,3
DA:12,3
DA:14,13
LF:9
LH:9
end_of_record
SF:lib/domain/entities/motel_data_entity.dart
DA:13,8
DA:23,2
DA:24,2
DA:25,2
DA:26,2
DA:27,2
DA:28,2
DA:29,2
DA:30,2
DA:31,2
LF:10
LH:10
end_of_record
SF:lib/domain/entities/motel_entity.dart
DA:14,6
DA:25,2
DA:26,2
DA:27,2
DA:28,2
DA:29,2
DA:30,2
DA:31,2
DA:32,2
DA:33,2
DA:34,2
LF:11
LH:11
end_of_record
SF:lib/data/models/item_suite_model.dart
DA:4,2
DA:5,2
DA:6,2
LF:3
LH:3
end_of_record
SF:lib/domain/entities/item_suite_entity.dart
DA:6,6
DA:8,2
DA:9,4
LF:3
LH:3
end_of_record
SF:lib/data/models/category_item_model.dart
DA:4,2
DA:5,2
DA:6,2
DA:7,2
LF:4
LH:4
end_of_record
SF:lib/domain/entities/category_item_entity.dart
DA:7,6
DA:12,2
DA:13,6
LF:3
LH:3
end_of_record
SF:lib/data/models/discount_model.dart
DA:4,3
DA:5,3
DA:6,3
LF:3
LH:3
end_of_record
SF:lib/domain/entities/discount_entity.dart
DA:6,9
DA:10,2
DA:11,4
LF:3
LH:3
end_of_record
SF:lib/data/models/motel_model.dart
DA:5,3
DA:6,3
DA:7,3
DA:8,3
DA:9,3
DA:10,3
DA:11,3
DA:13,11
DA:14,3
DA:15,3
LF:10
LH:10
end_of_record
SF:lib/data/models/suite_model.dart
DA:7,2
DA:8,2
DA:9,2
DA:10,2
DA:11,2
DA:12,10
DA:13,2
DA:14,4
DA:15,2
DA:16,2
DA:17,4
DA:18,2
DA:19,2
DA:20,4
DA:21,2
LF:15
LH:15
end_of_record
SF:lib/data/models/period_model.dart
DA:5,2
DA:6,2
DA:7,2
DA:8,2
DA:9,2
DA:10,2
DA:11,2
DA:12,2
DA:13,4
LF:9
LH:9
end_of_record
SF:lib/domain/entities/period_entity.dart
DA:12,6
DA:21,2
DA:22,2
DA:23,2
DA:24,2
DA:25,2
DA:26,2
DA:27,2
DA:28,2
LF:9
LH:9
end_of_record
SF:lib/domain/entities/suite_entity.dart
DA:16,5
DA:26,2
DA:27,2
DA:28,2
DA:29,2
DA:30,2
DA:31,2
DA:32,2
DA:33,2
DA:34,2
LF:10
LH:10
end_of_record
SF:lib/data/datasource/motel_datasource.dart
DA:14,1
DA:17,1
DA:19,1
DA:20,2
DA:21,1
DA:23,3
DA:25,2
LF:7
LH:7
end_of_record
SF:lib/domain/entities/motel_response_entity.dart
DA:9,5
DA:15,2
DA:16,8
LF:3
LH:3
end_of_record
SF:lib/data/models/motel_response_model.dart
DA:5,2
DA:6,2
DA:7,2
DA:8,4
DA:9,2
LF:5
LH:5
end_of_record
SF:lib/domain/repositories/motel_repository.dart
DA:17,1
DA:20,1
DA:23,2
DA:24,1
DA:25,1
DA:26,2
DA:27,1
DA:29,2
DA:30,2
LF:9
LH:9
end_of_record
